{
  "D:\\DEV\\MSC2\\T-ESP-900\\fettuccini\\frontend\\cypress\\support\\commands.ts": {
    "path": "D:\\DEV\\MSC2\\T-ESP-900\\fettuccini\\frontend\\cypress\\support\\commands.ts",
    "statementMap": {},
    "fnMap": {},
    "branchMap": {},
    "s": {},
    "f": {},
    "b": {},
    "_coverageSchema": "1a1c01bbd47fc00a2c39e90264f33305004495a9",
    "hash": "63a613a32375f34e0853105a74dc3a1f226acc3b"
  },
  "D:\\DEV\\MSC2\\T-ESP-900\\fettuccini\\frontend\\cypress\\support\\component.ts": {
    "path": "D:\\DEV\\MSC2\\T-ESP-900\\fettuccini\\frontend\\cypress\\support\\component.ts",
    "statementMap": {
      "0": {
        "start": {
          "line": 39,
          "column": 0
        },
        "end": {
          "line": 39,
          "column": 36
        }
      }
    },
    "fnMap": {},
    "branchMap": {},
    "s": {
      "0": 42
    },
    "f": {},
    "b": {},
    "_coverageSchema": "1a1c01bbd47fc00a2c39e90264f33305004495a9",
    "hash": "a4a4119bdbcccc417bbda3693b4b2161037566ee"
  },
  "D:\\DEV\\MSC2\\T-ESP-900\\fettuccini\\frontend\\src\\app\\components\\information-panel\\blinds-informations\\BlindsInformations.tsx": {
    "path": "D:\\DEV\\MSC2\\T-ESP-900\\fettuccini\\frontend\\src\\app\\components\\information-panel\\blinds-informations\\BlindsInformations.tsx",
    "statementMap": {
      "0": {
        "start": {
          "line": 6,
          "column": 25
        },
        "end": {
          "line": 6,
          "column": 82
        }
      },
      "1": {
        "start": {
          "line": 7,
          "column": 26
        },
        "end": {
          "line": 7,
          "column": 84
        }
      },
      "2": {
        "start": {
          "line": 10,
          "column": 4
        },
        "end": {
          "line": 40,
          "column": 5
        }
      }
    },
    "fnMap": {
      "0": {
        "name": "BlindsInformations",
        "decl": {
          "start": {
            "line": 8,
            "column": 24
          },
          "end": {
            "line": 8,
            "column": 42
          }
        },
        "loc": {
          "start": {
            "line": 8,
            "column": 112
          },
          "end": {
            "line": 41,
            "column": 1
          }
        },
        "line": 8
      }
    },
    "branchMap": {
      "0": {
        "loc": {
          "start": {
            "line": 12,
            "column": 13
          },
          "end": {
            "line": 20,
            "column": 18
          }
        },
        "type": "binary-expr",
        "locations": [
          {
            "start": {
              "line": 12,
              "column": 13
            },
            "end": {
              "line": 12,
              "column": 30
            }
          },
          {
            "start": {
              "line": 12,
              "column": 34
            },
            "end": {
              "line": 20,
              "column": 18
            }
          }
        ],
        "line": 12
      },
      "1": {
        "loc": {
          "start": {
            "line": 21,
            "column": 13
          },
          "end": {
            "line": 29,
            "column": 18
          }
        },
        "type": "binary-expr",
        "locations": [
          {
            "start": {
              "line": 21,
              "column": 13
            },
            "end": {
              "line": 21,
              "column": 30
            }
          },
          {
            "start": {
              "line": 21,
              "column": 34
            },
            "end": {
              "line": 29,
              "column": 18
            }
          }
        ],
        "line": 21
      },
      "2": {
        "loc": {
          "start": {
            "line": 30,
            "column": 13
          },
          "end": {
            "line": 38,
            "column": 18
          }
        },
        "type": "binary-expr",
        "locations": [
          {
            "start": {
              "line": 30,
              "column": 13
            },
            "end": {
              "line": 30,
              "column": 30
            }
          },
          {
            "start": {
              "line": 30,
              "column": 34
            },
            "end": {
              "line": 38,
              "column": 18
            }
          }
        ],
        "line": 30
      }
    },
    "s": {
      "0": 5,
      "1": 5,
      "2": 14
    },
    "f": {
      "0": 14
    },
    "b": {
      "0": [
        14,
        14
      ],
      "1": [
        14,
        14
      ],
      "2": [
        14,
        14
      ]
    },
    "_coverageSchema": "1a1c01bbd47fc00a2c39e90264f33305004495a9",
    "hash": "835b36be43fde5dc14f2c29505011aed04fdac6f"
  },
  "D:\\DEV\\MSC2\\T-ESP-900\\fettuccini\\frontend\\cypress\\components\\information-panel\\blinds-informations\\BlindsInformation.cy.tsx": {
    "path": "D:\\DEV\\MSC2\\T-ESP-900\\fettuccini\\frontend\\cypress\\components\\information-panel\\blinds-informations\\BlindsInformation.cy.tsx",
    "statementMap": {
      "0": {
        "start": {
          "line": 4,
          "column": 0
        },
        "end": {
          "line": 44,
          "column": 2
        }
      },
      "1": {
        "start": {
          "line": 5,
          "column": 27
        },
        "end": {
          "line": 11,
          "column": 3
        }
      },
      "2": {
        "start": {
          "line": 13,
          "column": 2
        },
        "end": {
          "line": 15,
          "column": 5
        }
      },
      "3": {
        "start": {
          "line": 14,
          "column": 4
        },
        "end": {
          "line": 14,
          "column": 72
        }
      },
      "4": {
        "start": {
          "line": 17,
          "column": 2
        },
        "end": {
          "line": 28,
          "column": 4
        }
      },
      "5": {
        "start": {
          "line": 18,
          "column": 4
        },
        "end": {
          "line": 18,
          "column": 61
        }
      },
      "6": {
        "start": {
          "line": 19,
          "column": 4
        },
        "end": {
          "line": 19,
          "column": 51
        }
      },
      "7": {
        "start": {
          "line": 20,
          "column": 4
        },
        "end": {
          "line": 20,
          "column": 47
        }
      },
      "8": {
        "start": {
          "line": 21,
          "column": 4
        },
        "end": {
          "line": 21,
          "column": 53
        }
      },
      "9": {
        "start": {
          "line": 22,
          "column": 4
        },
        "end": {
          "line": 22,
          "column": 56
        }
      },
      "10": {
        "start": {
          "line": 23,
          "column": 4
        },
        "end": {
          "line": 23,
          "column": 52
        }
      },
      "11": {
        "start": {
          "line": 24,
          "column": 4
        },
        "end": {
          "line": 24,
          "column": 58
        }
      },
      "12": {
        "start": {
          "line": 25,
          "column": 4
        },
        "end": {
          "line": 25,
          "column": 58
        }
      },
      "13": {
        "start": {
          "line": 26,
          "column": 4
        },
        "end": {
          "line": 26,
          "column": 54
        }
      },
      "14": {
        "start": {
          "line": 27,
          "column": 4
        },
        "end": {
          "line": 27,
          "column": 60
        }
      },
      "15": {
        "start": {
          "line": 30,
          "column": 2
        },
        "end": {
          "line": 33,
          "column": 4
        }
      },
      "16": {
        "start": {
          "line": 31,
          "column": 4
        },
        "end": {
          "line": 31,
          "column": 55
        }
      },
      "17": {
        "start": {
          "line": 32,
          "column": 4
        },
        "end": {
          "line": 32,
          "column": 56
        }
      },
      "18": {
        "start": {
          "line": 35,
          "column": 2
        },
        "end": {
          "line": 38,
          "column": 5
        }
      },
      "19": {
        "start": {
          "line": 36,
          "column": 4
        },
        "end": {
          "line": 36,
          "column": 66
        }
      },
      "20": {
        "start": {
          "line": 37,
          "column": 4
        },
        "end": {
          "line": 37,
          "column": 63
        }
      },
      "21": {
        "start": {
          "line": 40,
          "column": 2
        },
        "end": {
          "line": 43,
          "column": 5
        }
      },
      "22": {
        "start": {
          "line": 41,
          "column": 4
        },
        "end": {
          "line": 41,
          "column": 70
        }
      },
      "23": {
        "start": {
          "line": 42,
          "column": 4
        },
        "end": {
          "line": 42,
          "column": 65
        }
      }
    },
    "fnMap": {
      "0": {
        "name": "(anonymous_0)",
        "decl": {
          "start": {
            "line": 4,
            "column": 31
          },
          "end": {
            "line": 4,
            "column": 32
          }
        },
        "loc": {
          "start": {
            "line": 4,
            "column": 37
          },
          "end": {
            "line": 44,
            "column": 1
          }
        },
        "line": 4
      },
      "1": {
        "name": "(anonymous_1)",
        "decl": {
          "start": {
            "line": 13,
            "column": 13
          },
          "end": {
            "line": 13,
            "column": 14
          }
        },
        "loc": {
          "start": {
            "line": 13,
            "column": 19
          },
          "end": {
            "line": 15,
            "column": 3
          }
        },
        "line": 13
      },
      "2": {
        "name": "(anonymous_2)",
        "decl": {
          "start": {
            "line": 17,
            "column": 26
          },
          "end": {
            "line": 17,
            "column": 27
          }
        },
        "loc": {
          "start": {
            "line": 17,
            "column": 32
          },
          "end": {
            "line": 28,
            "column": 3
          }
        },
        "line": 17
      },
      "3": {
        "name": "(anonymous_3)",
        "decl": {
          "start": {
            "line": 30,
            "column": 25
          },
          "end": {
            "line": 30,
            "column": 26
          }
        },
        "loc": {
          "start": {
            "line": 30,
            "column": 31
          },
          "end": {
            "line": 33,
            "column": 3
          }
        },
        "line": 30
      },
      "4": {
        "name": "(anonymous_4)",
        "decl": {
          "start": {
            "line": 35,
            "column": 30
          },
          "end": {
            "line": 35,
            "column": 31
          }
        },
        "loc": {
          "start": {
            "line": 35,
            "column": 36
          },
          "end": {
            "line": 38,
            "column": 3
          }
        },
        "line": 35
      },
      "5": {
        "name": "(anonymous_5)",
        "decl": {
          "start": {
            "line": 40,
            "column": 32
          },
          "end": {
            "line": 40,
            "column": 33
          }
        },
        "loc": {
          "start": {
            "line": 40,
            "column": 38
          },
          "end": {
            "line": 43,
            "column": 3
          }
        },
        "line": 40
      }
    },
    "branchMap": {},
    "s": {
      "0": 5,
      "1": 5,
      "2": 5,
      "3": 14,
      "4": 5,
      "5": 5,
      "6": 5,
      "7": 5,
      "8": 5,
      "9": 5,
      "10": 5,
      "11": 5,
      "12": 5,
      "13": 5,
      "14": 5,
      "15": 5,
      "16": 4,
      "17": 4,
      "18": 5,
      "19": 3,
      "20": 3,
      "21": 5,
      "22": 2,
      "23": 2
    },
    "f": {
      "0": 5,
      "1": 14,
      "2": 5,
      "3": 4,
      "4": 3,
      "5": 2
    },
    "b": {},
    "_coverageSchema": "1a1c01bbd47fc00a2c39e90264f33305004495a9",
    "hash": "9b3b532170632f14a2176f567541fcb0e8ed9ac9"
  },
  "D:\\DEV\\MSC2\\T-ESP-900\\fettuccini\\frontend\\src\\app\\enums\\VariantStyle.enum.ts": {
    "path": "D:\\DEV\\MSC2\\T-ESP-900\\fettuccini\\frontend\\src\\app\\enums\\VariantStyle.enum.ts",
    "statementMap": {},
    "fnMap": {},
    "branchMap": {},
    "s": {},
    "f": {},
    "b": {},
    "_coverageSchema": "1a1c01bbd47fc00a2c39e90264f33305004495a9",
    "hash": "47c954a52cae119ab5b7df086c0028d629fae1e1"
  },
  "D:\\DEV\\MSC2\\T-ESP-900\\fettuccini\\frontend\\src\\app\\components\\design-system\\fettuccini-container\\FettucciniContainer.tsx": {
    "path": "D:\\DEV\\MSC2\\T-ESP-900\\fettuccini\\frontend\\src\\app\\components\\design-system\\fettuccini-container\\FettucciniContainer.tsx",
    "statementMap": {
      "0": {
        "start": {
          "line": 12,
          "column": 28
        },
        "end": {
          "line": 12,
          "column": 44
        }
      },
      "1": {
        "start": {
          "line": 14,
          "column": 4
        },
        "end": {
          "line": 21,
          "column": 5
        }
      },
      "2": {
        "start": {
          "line": 16,
          "column": 12
        },
        "end": {
          "line": 16,
          "column": 42
        }
      },
      "3": {
        "start": {
          "line": 17,
          "column": 12
        },
        "end": {
          "line": 17,
          "column": 18
        }
      },
      "4": {
        "start": {
          "line": 19,
          "column": 12
        },
        "end": {
          "line": 19,
          "column": 36
        }
      },
      "5": {
        "start": {
          "line": 20,
          "column": 12
        },
        "end": {
          "line": 20,
          "column": 18
        }
      },
      "6": {
        "start": {
          "line": 22,
          "column": 4
        },
        "end": {
          "line": 22,
          "column": 54
        }
      }
    },
    "fnMap": {
      "0": {
        "name": "FettucciniContainer",
        "decl": {
          "start": {
            "line": 5,
            "column": 24
          },
          "end": {
            "line": 5,
            "column": 43
          }
        },
        "loc": {
          "start": {
            "line": 11,
            "column": 3
          },
          "end": {
            "line": 23,
            "column": 1
          }
        },
        "line": 11
      }
    },
    "branchMap": {
      "0": {
        "loc": {
          "start": {
            "line": 14,
            "column": 4
          },
          "end": {
            "line": 21,
            "column": 5
          }
        },
        "type": "switch",
        "locations": [
          {
            "start": {
              "line": 15,
              "column": 8
            },
            "end": {
              "line": 17,
              "column": 18
            }
          },
          {
            "start": {
              "line": 18,
              "column": 8
            },
            "end": {
              "line": 20,
              "column": 18
            }
          }
        ],
        "line": 14
      }
    },
    "s": {
      "0": 20,
      "1": 20,
      "2": 0,
      "3": 0,
      "4": 0,
      "5": 0,
      "6": 20
    },
    "f": {
      "0": 20
    },
    "b": {
      "0": [
        0,
        0
      ]
    },
    "_coverageSchema": "1a1c01bbd47fc00a2c39e90264f33305004495a9",
    "hash": "cb1224881c61b93c71ba4cdafdbdff416725051e"
  },
  "D:\\DEV\\MSC2\\T-ESP-900\\fettuccini\\frontend\\src\\app\\components\\design-system\\information-container\\InformationContainer.tsx": {
    "path": "D:\\DEV\\MSC2\\T-ESP-900\\fettuccini\\frontend\\src\\app\\components\\design-system\\information-container\\InformationContainer.tsx",
    "statementMap": {
      "0": {
        "start": {
          "line": 9,
          "column": 2
        },
        "end": {
          "line": 9,
          "column": 59
        }
      }
    },
    "fnMap": {
      "0": {
        "name": "InformationContainer",
        "decl": {
          "start": {
            "line": 4,
            "column": 24
          },
          "end": {
            "line": 4,
            "column": 44
          }
        },
        "loc": {
          "start": {
            "line": 8,
            "column": 3
          },
          "end": {
            "line": 10,
            "column": 1
          }
        },
        "line": 8
      }
    },
    "branchMap": {},
    "s": {
      "0": 42
    },
    "f": {
      "0": 42
    },
    "b": {},
    "_coverageSchema": "1a1c01bbd47fc00a2c39e90264f33305004495a9",
    "hash": "21ed4aa0396a7c873d0bde06fa10cd7a0e47a2af"
  },
  "D:\\DEV\\MSC2\\T-ESP-900\\fettuccini\\frontend\\src\\app\\services\\levels.service.ts": {
    "path": "D:\\DEV\\MSC2\\T-ESP-900\\fettuccini\\frontend\\src\\app\\services\\levels.service.ts",
    "statementMap": {
      "0": {
        "start": {
          "line": 5,
          "column": 27
        },
        "end": {
          "line": 11,
          "column": 6
        }
      },
      "1": {
        "start": {
          "line": 12,
          "column": 24
        },
        "end": {
          "line": 18,
          "column": 6
        }
      },
      "2": {
        "start": {
          "line": 19,
          "column": 30
        },
        "end": {
          "line": 19,
          "column": 72
        }
      },
      "3": {
        "start": {
          "line": 21,
          "column": 20
        },
        "end": {
          "line": 21,
          "column": 52
        }
      },
      "4": {
        "start": {
          "line": 22,
          "column": 17
        },
        "end": {
          "line": 22,
          "column": 46
        }
      },
      "5": {
        "start": {
          "line": 23,
          "column": 23
        },
        "end": {
          "line": 23,
          "column": 58
        }
      },
      "6": {
        "start": {
          "line": 26,
          "column": 8
        },
        "end": {
          "line": 26,
          "column": 45
        }
      },
      "7": {
        "start": {
          "line": 30,
          "column": 8
        },
        "end": {
          "line": 30,
          "column": 39
        }
      },
      "8": {
        "start": {
          "line": 34,
          "column": 8
        },
        "end": {
          "line": 34,
          "column": 51
        }
      },
      "9": {
        "start": {
          "line": 39,
          "column": 29
        },
        "end": {
          "line": 39,
          "column": 48
        }
      }
    },
    "fnMap": {
      "0": {
        "name": "(anonymous_0)",
        "decl": {
          "start": {
            "line": 25,
            "column": 4
          },
          "end": {
            "line": 25,
            "column": 5
          }
        },
        "loc": {
          "start": {
            "line": 25,
            "column": 57
          },
          "end": {
            "line": 27,
            "column": 5
          }
        },
        "line": 25
      },
      "1": {
        "name": "(anonymous_1)",
        "decl": {
          "start": {
            "line": 29,
            "column": 4
          },
          "end": {
            "line": 29,
            "column": 5
          }
        },
        "loc": {
          "start": {
            "line": 29,
            "column": 51
          },
          "end": {
            "line": 31,
            "column": 5
          }
        },
        "line": 29
      },
      "2": {
        "name": "(anonymous_2)",
        "decl": {
          "start": {
            "line": 33,
            "column": 4
          },
          "end": {
            "line": 33,
            "column": 5
          }
        },
        "loc": {
          "start": {
            "line": 33,
            "column": 65
          },
          "end": {
            "line": 35,
            "column": 5
          }
        },
        "line": 33
      }
    },
    "branchMap": {},
    "s": {
      "0": 10,
      "1": 10,
      "2": 10,
      "3": 10,
      "4": 10,
      "5": 10,
      "6": 0,
      "7": 0,
      "8": 0,
      "9": 10
    },
    "f": {
      "0": 0,
      "1": 0,
      "2": 0
    },
    "b": {},
    "_coverageSchema": "1a1c01bbd47fc00a2c39e90264f33305004495a9",
    "hash": "866f149c77b6a91a779375a3c996823a61472f78"
  },
  "D:\\DEV\\MSC2\\T-ESP-900\\fettuccini\\frontend\\src\\app\\services\\game.service.ts": {
    "path": "D:\\DEV\\MSC2\\T-ESP-900\\fettuccini\\frontend\\src\\app\\services\\game.service.ts",
    "statementMap": {
      "0": {
        "start": {
          "line": 4,
          "column": 24
        },
        "end": {
          "line": 4,
          "column": 61
        }
      },
      "1": {
        "start": {
          "line": 6,
          "column": 17
        },
        "end": {
          "line": 6,
          "column": 46
        }
      },
      "2": {
        "start": {
          "line": 9,
          "column": 8
        },
        "end": {
          "line": 9,
          "column": 39
        }
      },
      "3": {
        "start": {
          "line": 14,
          "column": 27
        },
        "end": {
          "line": 14,
          "column": 44
        }
      }
    },
    "fnMap": {
      "0": {
        "name": "(anonymous_0)",
        "decl": {
          "start": {
            "line": 8,
            "column": 4
          },
          "end": {
            "line": 8,
            "column": 5
          }
        },
        "loc": {
          "start": {
            "line": 8,
            "column": 40
          },
          "end": {
            "line": 10,
            "column": 5
          }
        },
        "line": 8
      }
    },
    "branchMap": {},
    "s": {
      "0": 10,
      "1": 10,
      "2": 0,
      "3": 10
    },
    "f": {
      "0": 0
    },
    "b": {},
    "_coverageSchema": "1a1c01bbd47fc00a2c39e90264f33305004495a9",
    "hash": "e7cc2861372774bce54a3a6d273cea3301a17ca4"
  },
  "D:\\DEV\\MSC2\\T-ESP-900\\fettuccini\\frontend\\src\\app\\components\\information-panel\\time-remaining\\timer-count-down\\TimerCountDown.tsx": {
    "path": "D:\\DEV\\MSC2\\T-ESP-900\\fettuccini\\frontend\\src\\app\\components\\information-panel\\time-remaining\\timer-count-down\\TimerCountDown.tsx",
    "statementMap": {
      "0": {
        "start": {
          "line": 9,
          "column": 30
        },
        "end": {
          "line": 75,
          "column": 1
        }
      },
      "1": {
        "start": {
          "line": 10,
          "column": 50
        },
        "end": {
          "line": 10,
          "column": 79
        }
      },
      "2": {
        "start": {
          "line": 11,
          "column": 38
        },
        "end": {
          "line": 11,
          "column": 54
        }
      },
      "3": {
        "start": {
          "line": 12,
          "column": 46
        },
        "end": {
          "line": 12,
          "column": 64
        }
      },
      "4": {
        "start": {
          "line": 14,
          "column": 4
        },
        "end": {
          "line": 53,
          "column": 37
        }
      },
      "5": {
        "start": {
          "line": 16,
          "column": 12
        },
        "end": {
          "line": 18,
          "column": 13
        }
      },
      "6": {
        "start": {
          "line": 17,
          "column": 16
        },
        "end": {
          "line": 17,
          "column": 25
        }
      },
      "7": {
        "start": {
          "line": 20,
          "column": 32
        },
        "end": {
          "line": 20,
          "column": 52
        }
      },
      "8": {
        "start": {
          "line": 21,
          "column": 44
        },
        "end": {
          "line": 21,
          "column": 73
        }
      },
      "9": {
        "start": {
          "line": 22,
          "column": 38
        },
        "end": {
          "line": 22,
          "column": 73
        }
      },
      "10": {
        "start": {
          "line": 24,
          "column": 36
        },
        "end": {
          "line": 24,
          "column": 37
        }
      },
      "11": {
        "start": {
          "line": 25,
          "column": 12
        },
        "end": {
          "line": 30,
          "column": 13
        }
      },
      "12": {
        "start": {
          "line": 26,
          "column": 16
        },
        "end": {
          "line": 26,
          "column": 44
        }
      },
      "13": {
        "start": {
          "line": 27,
          "column": 16
        },
        "end": {
          "line": 29,
          "column": 17
        }
      },
      "14": {
        "start": {
          "line": 28,
          "column": 20
        },
        "end": {
          "line": 28,
          "column": 65
        }
      },
      "15": {
        "start": {
          "line": 31,
          "column": 12
        },
        "end": {
          "line": 31,
          "column": 21
        }
      },
      "16": {
        "start": {
          "line": 34,
          "column": 25
        },
        "end": {
          "line": 36,
          "column": 16
        }
      },
      "17": {
        "start": {
          "line": 35,
          "column": 12
        },
        "end": {
          "line": 35,
          "column": 55
        }
      },
      "18": {
        "start": {
          "line": 38,
          "column": 54
        },
        "end": {
          "line": 41,
          "column": 10
        }
      },
      "19": {
        "start": {
          "line": 39,
          "column": 12
        },
        "end": {
          "line": 39,
          "column": 36
        }
      },
      "20": {
        "start": {
          "line": 40,
          "column": 12
        },
        "end": {
          "line": 40,
          "column": 55
        }
      },
      "21": {
        "start": {
          "line": 43,
          "column": 56
        },
        "end": {
          "line": 46,
          "column": 10
        }
      },
      "22": {
        "start": {
          "line": 44,
          "column": 12
        },
        "end": {
          "line": 44,
          "column": 48
        }
      },
      "23": {
        "start": {
          "line": 45,
          "column": 12
        },
        "end": {
          "line": 45,
          "column": 55
        }
      },
      "24": {
        "start": {
          "line": 48,
          "column": 8
        },
        "end": {
          "line": 52,
          "column": 9
        }
      },
      "25": {
        "start": {
          "line": 49,
          "column": 12
        },
        "end": {
          "line": 49,
          "column": 36
        }
      },
      "26": {
        "start": {
          "line": 50,
          "column": 12
        },
        "end": {
          "line": 50,
          "column": 50
        }
      },
      "27": {
        "start": {
          "line": 51,
          "column": 12
        },
        "end": {
          "line": 51,
          "column": 52
        }
      },
      "28": {
        "start": {
          "line": 55,
          "column": 21
        },
        "end": {
          "line": 62,
          "column": 5
        }
      },
      "29": {
        "start": {
          "line": 56,
          "column": 8
        },
        "end": {
          "line": 61,
          "column": 10
        }
      },
      "30": {
        "start": {
          "line": 64,
          "column": 4
        },
        "end": {
          "line": 74,
          "column": 6
        }
      }
    },
    "fnMap": {
      "0": {
        "name": "(anonymous_0)",
        "decl": {
          "start": {
            "line": 9,
            "column": 30
          },
          "end": {
            "line": 9,
            "column": 31
          }
        },
        "loc": {
          "start": {
            "line": 9,
            "column": 36
          },
          "end": {
            "line": 75,
            "column": 1
          }
        },
        "line": 9
      },
      "1": {
        "name": "(anonymous_1)",
        "decl": {
          "start": {
            "line": 14,
            "column": 14
          },
          "end": {
            "line": 14,
            "column": 15
          }
        },
        "loc": {
          "start": {
            "line": 14,
            "column": 20
          },
          "end": {
            "line": 53,
            "column": 5
          }
        },
        "line": 14
      },
      "2": {
        "name": "calculateTimeRemaining",
        "decl": {
          "start": {
            "line": 15,
            "column": 17
          },
          "end": {
            "line": 15,
            "column": 39
          }
        },
        "loc": {
          "start": {
            "line": 15,
            "column": 50
          },
          "end": {
            "line": 32,
            "column": 9
          }
        },
        "line": 15
      },
      "3": {
        "name": "(anonymous_3)",
        "decl": {
          "start": {
            "line": 34,
            "column": 37
          },
          "end": {
            "line": 34,
            "column": 38
          }
        },
        "loc": {
          "start": {
            "line": 34,
            "column": 43
          },
          "end": {
            "line": 36,
            "column": 9
          }
        },
        "line": 34
      },
      "4": {
        "name": "(anonymous_4)",
        "decl": {
          "start": {
            "line": 38,
            "column": 87
          },
          "end": {
            "line": 38,
            "column": 88
          }
        },
        "loc": {
          "start": {
            "line": 38,
            "column": 108
          },
          "end": {
            "line": 41,
            "column": 9
          }
        },
        "line": 38
      },
      "5": {
        "name": "(anonymous_5)",
        "decl": {
          "start": {
            "line": 43,
            "column": 97
          },
          "end": {
            "line": 43,
            "column": 98
          }
        },
        "loc": {
          "start": {
            "line": 43,
            "column": 137
          },
          "end": {
            "line": 46,
            "column": 9
          }
        },
        "line": 43
      },
      "6": {
        "name": "(anonymous_6)",
        "decl": {
          "start": {
            "line": 48,
            "column": 15
          },
          "end": {
            "line": 48,
            "column": 16
          }
        },
        "loc": {
          "start": {
            "line": 48,
            "column": 21
          },
          "end": {
            "line": 52,
            "column": 9
          }
        },
        "line": 48
      },
      "7": {
        "name": "(anonymous_7)",
        "decl": {
          "start": {
            "line": 55,
            "column": 21
          },
          "end": {
            "line": 55,
            "column": 22
          }
        },
        "loc": {
          "start": {
            "line": 55,
            "column": 52
          },
          "end": {
            "line": 62,
            "column": 5
          }
        },
        "line": 55
      }
    },
    "branchMap": {
      "0": {
        "loc": {
          "start": {
            "line": 16,
            "column": 12
          },
          "end": {
            "line": 18,
            "column": 13
          }
        },
        "type": "if",
        "locations": [
          {
            "start": {
              "line": 16,
              "column": 12
            },
            "end": {
              "line": 18,
              "column": 13
            }
          },
          {
            "start": {},
            "end": {}
          }
        ],
        "line": 16
      },
      "1": {
        "loc": {
          "start": {
            "line": 16,
            "column": 16
          },
          "end": {
            "line": 16,
            "column": 46
          }
        },
        "type": "binary-expr",
        "locations": [
          {
            "start": {
              "line": 16,
              "column": 16
            },
            "end": {
              "line": 16,
              "column": 26
            }
          },
          {
            "start": {
              "line": 16,
              "column": 30
            },
            "end": {
              "line": 16,
              "column": 46
            }
          }
        ],
        "line": 16
      },
      "2": {
        "loc": {
          "start": {
            "line": 27,
            "column": 16
          },
          "end": {
            "line": 29,
            "column": 17
          }
        },
        "type": "if",
        "locations": [
          {
            "start": {
              "line": 27,
              "column": 16
            },
            "end": {
              "line": 29,
              "column": 17
            }
          },
          {
            "start": {},
            "end": {}
          }
        ],
        "line": 27
      },
      "3": {
        "loc": {
          "start": {
            "line": 58,
            "column": 9
          },
          "end": {
            "line": 58,
            "column": 50
          }
        },
        "type": "cond-expr",
        "locations": [
          {
            "start": {
              "line": 58,
              "column": 23
            },
            "end": {
              "line": 58,
              "column": 27
            }
          },
          {
            "start": {
              "line": 58,
              "column": 30
            },
            "end": {
              "line": 58,
              "column": 50
            }
          }
        ],
        "line": 58
      },
      "4": {
        "loc": {
          "start": {
            "line": 66,
            "column": 13
          },
          "end": {
            "line": 71,
            "column": 18
          }
        },
        "type": "binary-expr",
        "locations": [
          {
            "start": {
              "line": 66,
              "column": 13
            },
            "end": {
              "line": 66,
              "column": 40
            }
          },
          {
            "start": {
              "line": 67,
              "column": 16
            },
            "end": {
              "line": 71,
              "column": 18
            }
          }
        ],
        "line": 66
      }
    },
    "s": {
      "0": 10,
      "1": 72,
      "2": 72,
      "3": 72,
      "4": 72,
      "5": 96,
      "6": 48,
      "7": 48,
      "8": 48,
      "9": 48,
      "10": 48,
      "11": 48,
      "12": 0,
      "13": 0,
      "14": 0,
      "15": 48,
      "16": 48,
      "17": 0,
      "18": 48,
      "19": 48,
      "20": 48,
      "21": 48,
      "22": 48,
      "23": 48,
      "24": 48,
      "25": 38,
      "26": 38,
      "27": 38,
      "28": 72,
      "29": 48,
      "30": 72
    },
    "f": {
      "0": 72,
      "1": 48,
      "2": 96,
      "3": 0,
      "4": 48,
      "5": 48,
      "6": 38,
      "7": 48
    },
    "b": {
      "0": [
        48,
        48
      ],
      "1": [
        96,
        48
      ],
      "2": [
        0,
        0
      ],
      "3": [
        48,
        0
      ],
      "4": [
        72,
        48
      ]
    },
    "_coverageSchema": "1a1c01bbd47fc00a2c39e90264f33305004495a9",
    "hash": "7dc126722e57994cf7a587bc80a878c8f4adb992"
  },
  "D:\\DEV\\MSC2\\T-ESP-900\\fettuccini\\frontend\\src\\app\\components\\information-panel\\time-remaining\\TimeRemaining.tsx": {
    "path": "D:\\DEV\\MSC2\\T-ESP-900\\fettuccini\\frontend\\src\\app\\components\\information-panel\\time-remaining\\TimeRemaining.tsx",
    "statementMap": {
      "0": {
        "start": {
          "line": 7,
          "column": 4
        },
        "end": {
          "line": 13,
          "column": 5
        }
      }
    },
    "fnMap": {
      "0": {
        "name": "TimeRemaining",
        "decl": {
          "start": {
            "line": 6,
            "column": 24
          },
          "end": {
            "line": 6,
            "column": 37
          }
        },
        "loc": {
          "start": {
            "line": 6,
            "column": 40
          },
          "end": {
            "line": 14,
            "column": 1
          }
        },
        "line": 6
      }
    },
    "branchMap": {},
    "s": {
      "0": 22
    },
    "f": {
      "0": 22
    },
    "b": {},
    "_coverageSchema": "1a1c01bbd47fc00a2c39e90264f33305004495a9",
    "hash": "d0ce0180d03d685beafa7259fa108ae3092b4b13"
  },
  "D:\\DEV\\MSC2\\T-ESP-900\\fettuccini\\frontend\\src\\app\\enums\\GameAction.enum.ts": {
    "path": "D:\\DEV\\MSC2\\T-ESP-900\\fettuccini\\frontend\\src\\app\\enums\\GameAction.enum.ts",
    "statementMap": {},
    "fnMap": {},
    "branchMap": {},
    "s": {},
    "f": {},
    "b": {},
    "_coverageSchema": "1a1c01bbd47fc00a2c39e90264f33305004495a9",
    "hash": "5c98b767f36f7181e5f7f91566b75ff0d52b4e38"
  },
  "D:\\DEV\\MSC2\\T-ESP-900\\fettuccini\\frontend\\src\\app\\enums\\RoundStep.enum.ts": {
    "path": "D:\\DEV\\MSC2\\T-ESP-900\\fettuccini\\frontend\\src\\app\\enums\\RoundStep.enum.ts",
    "statementMap": {},
    "fnMap": {},
    "branchMap": {},
    "s": {},
    "f": {},
    "b": {},
    "_coverageSchema": "1a1c01bbd47fc00a2c39e90264f33305004495a9",
    "hash": "d7ac9be9777bf1339f0ea141406edc1052866847"
  },
  "D:\\DEV\\MSC2\\T-ESP-900\\fettuccini\\frontend\\src\\app\\services\\toast.service.ts": {
    "path": "D:\\DEV\\MSC2\\T-ESP-900\\fettuccini\\frontend\\src\\app\\services\\toast.service.ts",
    "statementMap": {
      "0": {
        "start": {
          "line": 5,
          "column": 40
        },
        "end": {
          "line": 10,
          "column": 1
        }
      },
      "1": {
        "start": {
          "line": 13,
          "column": 23
        },
        "end": {
          "line": 13,
          "column": 54
        }
      },
      "2": {
        "start": {
          "line": 14,
          "column": 16
        },
        "end": {
          "line": 14,
          "column": 46
        }
      },
      "3": {
        "start": {
          "line": 17,
          "column": 4
        },
        "end": {
          "line": 19,
          "column": 5
        }
      },
      "4": {
        "start": {
          "line": 18,
          "column": 6
        },
        "end": {
          "line": 18,
          "column": 45
        }
      },
      "5": {
        "start": {
          "line": 25,
          "column": 42
        },
        "end": {
          "line": 28,
          "column": 5
        }
      },
      "6": {
        "start": {
          "line": 30,
          "column": 4
        },
        "end": {
          "line": 30,
          "column": 24
        }
      },
      "7": {
        "start": {
          "line": 34,
          "column": 21
        },
        "end": {
          "line": 34,
          "column": 39
        }
      }
    },
    "fnMap": {
      "0": {
        "name": "(anonymous_0)",
        "decl": {
          "start": {
            "line": 16,
            "column": 2
          },
          "end": {
            "line": 16,
            "column": 3
          }
        },
        "loc": {
          "start": {
            "line": 16,
            "column": 38
          },
          "end": {
            "line": 20,
            "column": 3
          }
        },
        "line": 16
      },
      "1": {
        "name": "(anonymous_1)",
        "decl": {
          "start": {
            "line": 22,
            "column": 2
          },
          "end": {
            "line": 22,
            "column": 3
          }
        },
        "loc": {
          "start": {
            "line": 24,
            "column": 33
          },
          "end": {
            "line": 31,
            "column": 3
          }
        },
        "line": 24
      }
    },
    "branchMap": {
      "0": {
        "loc": {
          "start": {
            "line": 17,
            "column": 4
          },
          "end": {
            "line": 19,
            "column": 5
          }
        },
        "type": "if",
        "locations": [
          {
            "start": {
              "line": 17,
              "column": 4
            },
            "end": {
              "line": 19,
              "column": 5
            }
          },
          {
            "start": {},
            "end": {}
          }
        ],
        "line": 17
      }
    },
    "s": {
      "0": 6,
      "1": 6,
      "2": 6,
      "3": 0,
      "4": 0,
      "5": 0,
      "6": 0,
      "7": 6
    },
    "f": {
      "0": 0,
      "1": 0
    },
    "b": {
      "0": [
        0,
        0
      ]
    },
    "_coverageSchema": "1a1c01bbd47fc00a2c39e90264f33305004495a9",
    "hash": "b75189d1fc87c09211ffe05e1f82f7914f955587"
  },
  "D:\\DEV\\MSC2\\T-ESP-900\\fettuccini\\frontend\\src\\app\\services\\croupier-loading.service.ts": {
    "path": "D:\\DEV\\MSC2\\T-ESP-900\\fettuccini\\frontend\\src\\app\\services\\croupier-loading.service.ts",
    "statementMap": {
      "0": {
        "start": {
          "line": 12,
          "column": 4
        },
        "end": {
          "line": 17,
          "column": 7
        }
      },
      "1": {
        "start": {
          "line": 21,
          "column": 4
        },
        "end": {
          "line": 21,
          "column": 31
        }
      },
      "2": {
        "start": {
          "line": 25,
          "column": 4
        },
        "end": {
          "line": 25,
          "column": 26
        }
      },
      "3": {
        "start": {
          "line": 29,
          "column": 4
        },
        "end": {
          "line": 34,
          "column": 5
        }
      },
      "4": {
        "start": {
          "line": 30,
          "column": 23
        },
        "end": {
          "line": 30,
          "column": 62
        }
      },
      "5": {
        "start": {
          "line": 31,
          "column": 6
        },
        "end": {
          "line": 31,
          "column": 27
        }
      },
      "6": {
        "start": {
          "line": 33,
          "column": 6
        },
        "end": {
          "line": 33,
          "column": 58
        }
      },
      "7": {
        "start": {
          "line": 41,
          "column": 4
        },
        "end": {
          "line": 52,
          "column": 5
        }
      },
      "8": {
        "start": {
          "line": 42,
          "column": 23
        },
        "end": {
          "line": 48,
          "column": 7
        }
      },
      "9": {
        "start": {
          "line": 49,
          "column": 6
        },
        "end": {
          "line": 49,
          "column": 27
        }
      },
      "10": {
        "start": {
          "line": 51,
          "column": 6
        },
        "end": {
          "line": 51,
          "column": 58
        }
      },
      "11": {
        "start": {
          "line": 56,
          "column": 4
        },
        "end": {
          "line": 63,
          "column": 5
        }
      },
      "12": {
        "start": {
          "line": 57,
          "column": 23
        },
        "end": {
          "line": 59,
          "column": 7
        }
      },
      "13": {
        "start": {
          "line": 60,
          "column": 6
        },
        "end": {
          "line": 60,
          "column": 27
        }
      },
      "14": {
        "start": {
          "line": 62,
          "column": 6
        },
        "end": {
          "line": 62,
          "column": 58
        }
      },
      "15": {
        "start": {
          "line": 66,
          "column": 38
        },
        "end": {
          "line": 66,
          "column": 59
        }
      }
    },
    "fnMap": {
      "0": {
        "name": "(anonymous_0)",
        "decl": {
          "start": {
            "line": 11,
            "column": 2
          },
          "end": {
            "line": 11,
            "column": 3
          }
        },
        "loc": {
          "start": {
            "line": 11,
            "column": 16
          },
          "end": {
            "line": 18,
            "column": 3
          }
        },
        "line": 11
      },
      "1": {
        "name": "(anonymous_1)",
        "decl": {
          "start": {
            "line": 20,
            "column": 2
          },
          "end": {
            "line": 20,
            "column": 3
          }
        },
        "loc": {
          "start": {
            "line": 20,
            "column": 47
          },
          "end": {
            "line": 22,
            "column": 3
          }
        },
        "line": 20
      },
      "2": {
        "name": "(anonymous_2)",
        "decl": {
          "start": {
            "line": 24,
            "column": 2
          },
          "end": {
            "line": 24,
            "column": 3
          }
        },
        "loc": {
          "start": {
            "line": 24,
            "column": 32
          },
          "end": {
            "line": 26,
            "column": 3
          }
        },
        "line": 24
      },
      "3": {
        "name": "(anonymous_3)",
        "decl": {
          "start": {
            "line": 28,
            "column": 2
          },
          "end": {
            "line": 28,
            "column": 3
          }
        },
        "loc": {
          "start": {
            "line": 28,
            "column": 56
          },
          "end": {
            "line": 35,
            "column": 3
          }
        },
        "line": 28
      },
      "4": {
        "name": "(anonymous_4)",
        "decl": {
          "start": {
            "line": 37,
            "column": 2
          },
          "end": {
            "line": 37,
            "column": 3
          }
        },
        "loc": {
          "start": {
            "line": 40,
            "column": 30
          },
          "end": {
            "line": 53,
            "column": 3
          }
        },
        "line": 40
      },
      "5": {
        "name": "(anonymous_5)",
        "decl": {
          "start": {
            "line": 55,
            "column": 2
          },
          "end": {
            "line": 55,
            "column": 3
          }
        },
        "loc": {
          "start": {
            "line": 55,
            "column": 50
          },
          "end": {
            "line": 64,
            "column": 3
          }
        },
        "line": 55
      }
    },
    "branchMap": {},
    "s": {
      "0": 6,
      "1": 0,
      "2": 0,
      "3": 0,
      "4": 0,
      "5": 0,
      "6": 0,
      "7": 0,
      "8": 0,
      "9": 0,
      "10": 0,
      "11": 0,
      "12": 0,
      "13": 0,
      "14": 0,
      "15": 6
    },
    "f": {
      "0": 6,
      "1": 0,
      "2": 0,
      "3": 0,
      "4": 0,
      "5": 0
    },
    "b": {},
    "_coverageSchema": "1a1c01bbd47fc00a2c39e90264f33305004495a9",
    "hash": "d1fa5a8144869aefb151a6229197998d0a7ebcbe"
  },
  "D:\\DEV\\MSC2\\T-ESP-900\\fettuccini\\frontend\\src\\app\\services\\round.service.ts": {
    "path": "D:\\DEV\\MSC2\\T-ESP-900\\fettuccini\\frontend\\src\\app\\services\\round.service.ts",
    "statementMap": {
      "0": {
        "start": {
          "line": 6,
          "column": 41
        },
        "end": {
          "line": 11,
          "column": 6
        }
      },
      "1": {
        "start": {
          "line": 12,
          "column": 25
        },
        "end": {
          "line": 12,
          "column": 84
        }
      },
      "2": {
        "start": {
          "line": 14,
          "column": 34
        },
        "end": {
          "line": 14,
          "column": 80
        }
      },
      "3": {
        "start": {
          "line": 15,
          "column": 18
        },
        "end": {
          "line": 15,
          "column": 48
        }
      },
      "4": {
        "start": {
          "line": 18,
          "column": 8
        },
        "end": {
          "line": 18,
          "column": 73
        }
      },
      "5": {
        "start": {
          "line": 22,
          "column": 8
        },
        "end": {
          "line": 22,
          "column": 41
        }
      },
      "6": {
        "start": {
          "line": 26,
          "column": 28
        },
        "end": {
          "line": 26,
          "column": 46
        }
      }
    },
    "fnMap": {
      "0": {
        "name": "(anonymous_0)",
        "decl": {
          "start": {
            "line": 17,
            "column": 4
          },
          "end": {
            "line": 17,
            "column": 5
          }
        },
        "loc": {
          "start": {
            "line": 17,
            "column": 101
          },
          "end": {
            "line": 19,
            "column": 5
          }
        },
        "line": 17
      },
      "1": {
        "name": "(anonymous_1)",
        "decl": {
          "start": {
            "line": 21,
            "column": 4
          },
          "end": {
            "line": 21,
            "column": 5
          }
        },
        "loc": {
          "start": {
            "line": 21,
            "column": 53
          },
          "end": {
            "line": 23,
            "column": 5
          }
        },
        "line": 21
      }
    },
    "branchMap": {},
    "s": {
      "0": 6,
      "1": 6,
      "2": 6,
      "3": 6,
      "4": 0,
      "5": 0,
      "6": 6
    },
    "f": {
      "0": 0,
      "1": 0
    },
    "b": {},
    "_coverageSchema": "1a1c01bbd47fc00a2c39e90264f33305004495a9",
    "hash": "8320550a14053d6cf87620eee05f8de19cabd984"
  },
  "D:\\DEV\\MSC2\\T-ESP-900\\fettuccini\\frontend\\src\\app\\services\\players.service.ts": {
    "path": "D:\\DEV\\MSC2\\T-ESP-900\\fettuccini\\frontend\\src\\app\\services\\players.service.ts",
    "statementMap": {
      "0": {
        "start": {
          "line": 6,
          "column": 33
        },
        "end": {
          "line": 10,
          "column": 6
        }
      },
      "1": {
        "start": {
          "line": 11,
          "column": 31
        },
        "end": {
          "line": 11,
          "column": 83
        }
      },
      "2": {
        "start": {
          "line": 13,
          "column": 26
        },
        "end": {
          "line": 13,
          "column": 64
        }
      },
      "3": {
        "start": {
          "line": 14,
          "column": 24
        },
        "end": {
          "line": 14,
          "column": 60
        }
      },
      "4": {
        "start": {
          "line": 17,
          "column": 8
        },
        "end": {
          "line": 17,
          "column": 57
        }
      },
      "5": {
        "start": {
          "line": 21,
          "column": 8
        },
        "end": {
          "line": 21,
          "column": 53
        }
      },
      "6": {
        "start": {
          "line": 25,
          "column": 30
        },
        "end": {
          "line": 25,
          "column": 50
        }
      }
    },
    "fnMap": {
      "0": {
        "name": "(anonymous_0)",
        "decl": {
          "start": {
            "line": 16,
            "column": 4
          },
          "end": {
            "line": 16,
            "column": 5
          }
        },
        "loc": {
          "start": {
            "line": 16,
            "column": 70
          },
          "end": {
            "line": 18,
            "column": 5
          }
        },
        "line": 16
      },
      "1": {
        "name": "(anonymous_1)",
        "decl": {
          "start": {
            "line": 20,
            "column": 4
          },
          "end": {
            "line": 20,
            "column": 5
          }
        },
        "loc": {
          "start": {
            "line": 20,
            "column": 77
          },
          "end": {
            "line": 22,
            "column": 5
          }
        },
        "line": 20
      }
    },
    "branchMap": {},
    "s": {
      "0": 6,
      "1": 6,
      "2": 6,
      "3": 6,
      "4": 0,
      "5": 0,
      "6": 6
    },
    "f": {
      "0": 0,
      "1": 0
    },
    "b": {},
    "_coverageSchema": "1a1c01bbd47fc00a2c39e90264f33305004495a9",
    "hash": "d1bdd156603b93ce19238b9deff1b49ac3237ff7"
  },
  "D:\\DEV\\MSC2\\T-ESP-900\\fettuccini\\frontend\\src\\app\\components\\information-panel\\game-informations\\action-buttons\\useActionButtons.ts": {
    "path": "D:\\DEV\\MSC2\\T-ESP-900\\fettuccini\\frontend\\src\\app\\components\\information-panel\\game-informations\\action-buttons\\useActionButtons.ts",
    "statementMap": {
      "0": {
        "start": {
          "line": 15,
          "column": 36
        },
        "end": {
          "line": 15,
          "column": 63
        }
      },
      "1": {
        "start": {
          "line": 17,
          "column": 2
        },
        "end": {
          "line": 28,
          "column": 9
        }
      },
      "2": {
        "start": {
          "line": 19,
          "column": 6
        },
        "end": {
          "line": 23,
          "column": 7
        }
      },
      "3": {
        "start": {
          "line": 21,
          "column": 10
        },
        "end": {
          "line": 21,
          "column": 36
        }
      },
      "4": {
        "start": {
          "line": 25,
          "column": 4
        },
        "end": {
          "line": 27,
          "column": 6
        }
      },
      "5": {
        "start": {
          "line": 26,
          "column": 6
        },
        "end": {
          "line": 26,
          "column": 41
        }
      },
      "6": {
        "start": {
          "line": 34,
          "column": 4
        },
        "end": {
          "line": 78,
          "column": 5
        }
      },
      "7": {
        "start": {
          "line": 35,
          "column": 6
        },
        "end": {
          "line": 37,
          "column": 7
        }
      },
      "8": {
        "start": {
          "line": 36,
          "column": 8
        },
        "end": {
          "line": 36,
          "column": 72
        }
      },
      "9": {
        "start": {
          "line": 38,
          "column": 44
        },
        "end": {
          "line": 43,
          "column": 7
        }
      },
      "10": {
        "start": {
          "line": 44,
          "column": 6
        },
        "end": {
          "line": 61,
          "column": 7
        }
      },
      "11": {
        "start": {
          "line": 46,
          "column": 10
        },
        "end": {
          "line": 46,
          "column": 59
        }
      },
      "12": {
        "start": {
          "line": 47,
          "column": 10
        },
        "end": {
          "line": 47,
          "column": 16
        }
      },
      "13": {
        "start": {
          "line": 49,
          "column": 28
        },
        "end": {
          "line": 49,
          "column": 71
        }
      },
      "14": {
        "start": {
          "line": 50,
          "column": 10
        },
        "end": {
          "line": 54,
          "column": 11
        }
      },
      "15": {
        "start": {
          "line": 51,
          "column": 12
        },
        "end": {
          "line": 51,
          "column": 54
        }
      },
      "16": {
        "start": {
          "line": 53,
          "column": 12
        },
        "end": {
          "line": 53,
          "column": 19
        }
      },
      "17": {
        "start": {
          "line": 55,
          "column": 10
        },
        "end": {
          "line": 55,
          "column": 16
        }
      },
      "18": {
        "start": {
          "line": 58,
          "column": 10
        },
        "end": {
          "line": 58,
          "column": 55
        }
      },
      "19": {
        "start": {
          "line": 59,
          "column": 10
        },
        "end": {
          "line": 59,
          "column": 47
        }
      },
      "20": {
        "start": {
          "line": 60,
          "column": 10
        },
        "end": {
          "line": 60,
          "column": 16
        }
      },
      "21": {
        "start": {
          "line": 62,
          "column": 6
        },
        "end": {
          "line": 75,
          "column": 30
        }
      },
      "22": {
        "start": {
          "line": 65,
          "column": 10
        },
        "end": {
          "line": 73,
          "column": 11
        }
      },
      "23": {
        "start": {
          "line": 66,
          "column": 12
        },
        "end": {
          "line": 70,
          "column": 16
        }
      },
      "24": {
        "start": {
          "line": 69,
          "column": 16
        },
        "end": {
          "line": 69,
          "column": 49
        }
      },
      "25": {
        "start": {
          "line": 72,
          "column": 12
        },
        "end": {
          "line": 72,
          "column": 43
        }
      },
      "26": {
        "start": {
          "line": 77,
          "column": 6
        },
        "end": {
          "line": 77,
          "column": 52
        }
      },
      "27": {
        "start": {
          "line": 82,
          "column": 4
        },
        "end": {
          "line": 82,
          "column": 72
        }
      },
      "28": {
        "start": {
          "line": 83,
          "column": 4
        },
        "end": {
          "line": 83,
          "column": 70
        }
      },
      "29": {
        "start": {
          "line": 84,
          "column": 4
        },
        "end": {
          "line": 86,
          "column": 6
        }
      },
      "30": {
        "start": {
          "line": 87,
          "column": 4
        },
        "end": {
          "line": 87,
          "column": 43
        }
      },
      "31": {
        "start": {
          "line": 94,
          "column": 33
        },
        "end": {
          "line": 94,
          "column": 64
        }
      },
      "32": {
        "start": {
          "line": 95,
          "column": 40
        },
        "end": {
          "line": 98,
          "column": 5
        }
      },
      "33": {
        "start": {
          "line": 100,
          "column": 4
        },
        "end": {
          "line": 104,
          "column": 5
        }
      },
      "34": {
        "start": {
          "line": 101,
          "column": 6
        },
        "end": {
          "line": 101,
          "column": 74
        }
      },
      "35": {
        "start": {
          "line": 103,
          "column": 6
        },
        "end": {
          "line": 103,
          "column": 61
        }
      },
      "36": {
        "start": {
          "line": 109,
          "column": 6
        },
        "end": {
          "line": 111,
          "column": 7
        }
      },
      "37": {
        "start": {
          "line": 112,
          "column": 4
        },
        "end": {
          "line": 112,
          "column": 76
        }
      },
      "38": {
        "start": {
          "line": 112,
          "column": 43
        },
        "end": {
          "line": 112,
          "column": 71
        }
      },
      "39": {
        "start": {
          "line": 120,
          "column": 6
        },
        "end": {
          "line": 122,
          "column": 7
        }
      },
      "40": {
        "start": {
          "line": 123,
          "column": 4
        },
        "end": {
          "line": 125,
          "column": 64
        }
      },
      "41": {
        "start": {
          "line": 124,
          "column": 26
        },
        "end": {
          "line": 124,
          "column": 56
        }
      },
      "42": {
        "start": {
          "line": 125,
          "column": 31
        },
        "end": {
          "line": 125,
          "column": 59
        }
      },
      "43": {
        "start": {
          "line": 133,
          "column": 4
        },
        "end": {
          "line": 138,
          "column": 6
        }
      },
      "44": {
        "start": {
          "line": 145,
          "column": 4
        },
        "end": {
          "line": 150,
          "column": 6
        }
      },
      "45": {
        "start": {
          "line": 157,
          "column": 4
        },
        "end": {
          "line": 173,
          "column": 5
        }
      },
      "46": {
        "start": {
          "line": 158,
          "column": 6
        },
        "end": {
          "line": 172,
          "column": 7
        }
      },
      "47": {
        "start": {
          "line": 161,
          "column": 37
        },
        "end": {
          "line": 161,
          "column": 68
        }
      },
      "48": {
        "start": {
          "line": 162,
          "column": 10
        },
        "end": {
          "line": 162,
          "column": 46
        }
      },
      "49": {
        "start": {
          "line": 165,
          "column": 37
        },
        "end": {
          "line": 165,
          "column": 68
        }
      },
      "50": {
        "start": {
          "line": 166,
          "column": 46
        },
        "end": {
          "line": 169,
          "column": 11
        }
      },
      "51": {
        "start": {
          "line": 170,
          "column": 10
        },
        "end": {
          "line": 170,
          "column": 72
        }
      },
      "52": {
        "start": {
          "line": 174,
          "column": 4
        },
        "end": {
          "line": 174,
          "column": 17
        }
      },
      "53": {
        "start": {
          "line": 177,
          "column": 2
        },
        "end": {
          "line": 180,
          "column": 4
        }
      }
    },
    "fnMap": {
      "0": {
        "name": "useActionButtons",
        "decl": {
          "start": {
            "line": 14,
            "column": 24
          },
          "end": {
            "line": 14,
            "column": 40
          }
        },
        "loc": {
          "start": {
            "line": 14,
            "column": 43
          },
          "end": {
            "line": 181,
            "column": 1
          }
        },
        "line": 14
      },
      "1": {
        "name": "(anonymous_1)",
        "decl": {
          "start": {
            "line": 17,
            "column": 12
          },
          "end": {
            "line": 17,
            "column": 13
          }
        },
        "loc": {
          "start": {
            "line": 17,
            "column": 18
          },
          "end": {
            "line": 28,
            "column": 3
          }
        },
        "line": 17
      },
      "2": {
        "name": "(anonymous_2)",
        "decl": {
          "start": {
            "line": 20,
            "column": 8
          },
          "end": {
            "line": 20,
            "column": 9
          }
        },
        "loc": {
          "start": {
            "line": 20,
            "column": 53
          },
          "end": {
            "line": 22,
            "column": 9
          }
        },
        "line": 20
      },
      "3": {
        "name": "(anonymous_3)",
        "decl": {
          "start": {
            "line": 25,
            "column": 11
          },
          "end": {
            "line": 25,
            "column": 12
          }
        },
        "loc": {
          "start": {
            "line": 25,
            "column": 17
          },
          "end": {
            "line": 27,
            "column": 5
          }
        },
        "line": 25
      },
      "4": {
        "name": "handleActionButtonClick",
        "decl": {
          "start": {
            "line": 30,
            "column": 17
          },
          "end": {
            "line": 30,
            "column": 40
          }
        },
        "loc": {
          "start": {
            "line": 33,
            "column": 19
          },
          "end": {
            "line": 79,
            "column": 3
          }
        },
        "line": 33
      },
      "5": {
        "name": "(anonymous_5)",
        "decl": {
          "start": {
            "line": 64,
            "column": 14
          },
          "end": {
            "line": 64,
            "column": 15
          }
        },
        "loc": {
          "start": {
            "line": 64,
            "column": 47
          },
          "end": {
            "line": 74,
            "column": 9
          }
        },
        "line": 64
      },
      "6": {
        "name": "(anonymous_6)",
        "decl": {
          "start": {
            "line": 68,
            "column": 20
          },
          "end": {
            "line": 68,
            "column": 21
          }
        },
        "loc": {
          "start": {
            "line": 69,
            "column": 16
          },
          "end": {
            "line": 69,
            "column": 49
          }
        },
        "line": 69
      },
      "7": {
        "name": "(anonymous_7)",
        "decl": {
          "start": {
            "line": 75,
            "column": 15
          },
          "end": {
            "line": 75,
            "column": 16
          }
        },
        "loc": {
          "start": {
            "line": 75,
            "column": 26
          },
          "end": {
            "line": 75,
            "column": 28
          }
        },
        "line": 75
      },
      "8": {
        "name": "updateInformations",
        "decl": {
          "start": {
            "line": 81,
            "column": 11
          },
          "end": {
            "line": 81,
            "column": 29
          }
        },
        "loc": {
          "start": {
            "line": 81,
            "column": 65
          },
          "end": {
            "line": 88,
            "column": 3
          }
        },
        "line": 81
      },
      "9": {
        "name": "isCheckOrCall",
        "decl": {
          "start": {
            "line": 90,
            "column": 11
          },
          "end": {
            "line": 90,
            "column": 24
          }
        },
        "loc": {
          "start": {
            "line": 93,
            "column": 23
          },
          "end": {
            "line": 105,
            "column": 3
          }
        },
        "line": 93
      },
      "10": {
        "name": "calculateHighestBet",
        "decl": {
          "start": {
            "line": 107,
            "column": 11
          },
          "end": {
            "line": 107,
            "column": 30
          }
        },
        "loc": {
          "start": {
            "line": 107,
            "column": 68
          },
          "end": {
            "line": 113,
            "column": 3
          }
        },
        "line": 107
      },
      "11": {
        "name": "(anonymous_11)",
        "decl": {
          "start": {
            "line": 112,
            "column": 26
          },
          "end": {
            "line": 112,
            "column": 27
          }
        },
        "loc": {
          "start": {
            "line": 112,
            "column": 43
          },
          "end": {
            "line": 112,
            "column": 71
          }
        },
        "line": 112
      },
      "12": {
        "name": "calculateHighestBetForPlayer",
        "decl": {
          "start": {
            "line": 115,
            "column": 11
          },
          "end": {
            "line": 115,
            "column": 39
          }
        },
        "loc": {
          "start": {
            "line": 118,
            "column": 12
          },
          "end": {
            "line": 126,
            "column": 3
          }
        },
        "line": 118
      },
      "13": {
        "name": "(anonymous_13)",
        "decl": {
          "start": {
            "line": 124,
            "column": 14
          },
          "end": {
            "line": 124,
            "column": 15
          }
        },
        "loc": {
          "start": {
            "line": 124,
            "column": 26
          },
          "end": {
            "line": 124,
            "column": 56
          }
        },
        "line": 124
      },
      "14": {
        "name": "(anonymous_14)",
        "decl": {
          "start": {
            "line": 125,
            "column": 14
          },
          "end": {
            "line": 125,
            "column": 15
          }
        },
        "loc": {
          "start": {
            "line": 125,
            "column": 31
          },
          "end": {
            "line": 125,
            "column": 59
          }
        },
        "line": 125
      },
      "15": {
        "name": "createCallAction",
        "decl": {
          "start": {
            "line": 128,
            "column": 11
          },
          "end": {
            "line": 128,
            "column": 27
          }
        },
        "loc": {
          "start": {
            "line": 132,
            "column": 23
          },
          "end": {
            "line": 139,
            "column": 3
          }
        },
        "line": 132
      },
      "16": {
        "name": "createCheckAction",
        "decl": {
          "start": {
            "line": 141,
            "column": 11
          },
          "end": {
            "line": 141,
            "column": 28
          }
        },
        "loc": {
          "start": {
            "line": 144,
            "column": 23
          },
          "end": {
            "line": 151,
            "column": 3
          }
        },
        "line": 144
      },
      "17": {
        "name": "buttonIsDisabled",
        "decl": {
          "start": {
            "line": 153,
            "column": 11
          },
          "end": {
            "line": 153,
            "column": 27
          }
        },
        "loc": {
          "start": {
            "line": 156,
            "column": 13
          },
          "end": {
            "line": 175,
            "column": 3
          }
        },
        "line": 156
      }
    },
    "branchMap": {
      "0": {
        "loc": {
          "start": {
            "line": 35,
            "column": 6
          },
          "end": {
            "line": 37,
            "column": 7
          }
        },
        "type": "if",
        "locations": [
          {
            "start": {
              "line": 35,
              "column": 6
            },
            "end": {
              "line": 37,
              "column": 7
            }
          },
          {
            "start": {},
            "end": {}
          }
        ],
        "line": 35
      },
      "1": {
        "loc": {
          "start": {
            "line": 44,
            "column": 6
          },
          "end": {
            "line": 61,
            "column": 7
          }
        },
        "type": "switch",
        "locations": [
          {
            "start": {
              "line": 45,
              "column": 8
            },
            "end": {
              "line": 47,
              "column": 16
            }
          },
          {
            "start": {
              "line": 48,
              "column": 8
            },
            "end": {
              "line": 56,
              "column": 9
            }
          },
          {
            "start": {
              "line": 57,
              "column": 8
            },
            "end": {
              "line": 60,
              "column": 16
            }
          }
        ],
        "line": 44
      },
      "2": {
        "loc": {
          "start": {
            "line": 50,
            "column": 10
          },
          "end": {
            "line": 54,
            "column": 11
          }
        },
        "type": "if",
        "locations": [
          {
            "start": {
              "line": 50,
              "column": 10
            },
            "end": {
              "line": 54,
              "column": 11
            }
          },
          {
            "start": {
              "line": 52,
              "column": 17
            },
            "end": {
              "line": 54,
              "column": 11
            }
          }
        ],
        "line": 50
      },
      "3": {
        "loc": {
          "start": {
            "line": 65,
            "column": 10
          },
          "end": {
            "line": 73,
            "column": 11
          }
        },
        "type": "if",
        "locations": [
          {
            "start": {
              "line": 65,
              "column": 10
            },
            "end": {
              "line": 73,
              "column": 11
            }
          },
          {
            "start": {
              "line": 71,
              "column": 17
            },
            "end": {
              "line": 73,
              "column": 11
            }
          }
        ],
        "line": 65
      },
      "4": {
        "loc": {
          "start": {
            "line": 100,
            "column": 4
          },
          "end": {
            "line": 104,
            "column": 5
          }
        },
        "type": "if",
        "locations": [
          {
            "start": {
              "line": 100,
              "column": 4
            },
            "end": {
              "line": 104,
              "column": 5
            }
          },
          {
            "start": {
              "line": 102,
              "column": 11
            },
            "end": {
              "line": 104,
              "column": 5
            }
          }
        ],
        "line": 100
      },
      "5": {
        "loc": {
          "start": {
            "line": 100,
            "column": 8
          },
          "end": {
            "line": 100,
            "column": 62
          }
        },
        "type": "binary-expr",
        "locations": [
          {
            "start": {
              "line": 100,
              "column": 8
            },
            "end": {
              "line": 100,
              "column": 24
            }
          },
          {
            "start": {
              "line": 100,
              "column": 28
            },
            "end": {
              "line": 100,
              "column": 62
            }
          }
        ],
        "line": 100
      },
      "6": {
        "loc": {
          "start": {
            "line": 157,
            "column": 4
          },
          "end": {
            "line": 173,
            "column": 5
          }
        },
        "type": "if",
        "locations": [
          {
            "start": {
              "line": 157,
              "column": 4
            },
            "end": {
              "line": 173,
              "column": 5
            }
          },
          {
            "start": {},
            "end": {}
          }
        ],
        "line": 157
      },
      "7": {
        "loc": {
          "start": {
            "line": 158,
            "column": 6
          },
          "end": {
            "line": 172,
            "column": 7
          }
        },
        "type": "switch",
        "locations": [
          {
            "start": {
              "line": 159,
              "column": 8
            },
            "end": {
              "line": 159,
              "column": 34
            }
          },
          {
            "start": {
              "line": 160,
              "column": 8
            },
            "end": {
              "line": 163,
              "column": 9
            }
          },
          {
            "start": {
              "line": 164,
              "column": 8
            },
            "end": {
              "line": 171,
              "column": 9
            }
          }
        ],
        "line": 158
      },
      "8": {
        "loc": {
          "start": {
            "line": 170,
            "column": 17
          },
          "end": {
            "line": 170,
            "column": 71
          }
        },
        "type": "binary-expr",
        "locations": [
          {
            "start": {
              "line": 170,
              "column": 17
            },
            "end": {
              "line": 170,
              "column": 33
            }
          },
          {
            "start": {
              "line": 170,
              "column": 37
            },
            "end": {
              "line": 170,
              "column": 71
            }
          }
        ],
        "line": 170
      }
    },
    "s": {
      "0": 20,
      "1": 20,
      "2": 20,
      "3": 20,
      "4": 20,
      "5": 14,
      "6": 0,
      "7": 0,
      "8": 0,
      "9": 0,
      "10": 0,
      "11": 0,
      "12": 0,
      "13": 0,
      "14": 0,
      "15": 0,
      "16": 0,
      "17": 0,
      "18": 0,
      "19": 0,
      "20": 0,
      "21": 0,
      "22": 0,
      "23": 0,
      "24": 0,
      "25": 0,
      "26": 0,
      "27": 0,
      "28": 0,
      "29": 0,
      "30": 0,
      "31": 0,
      "32": 0,
      "33": 0,
      "34": 0,
      "35": 0,
      "36": 0,
      "37": 0,
      "38": 0,
      "39": 0,
      "40": 0,
      "41": 0,
      "42": 0,
      "43": 0,
      "44": 0,
      "45": 60,
      "46": 0,
      "47": 0,
      "48": 0,
      "49": 0,
      "50": 0,
      "51": 0,
      "52": 60,
      "53": 20
    },
    "f": {
      "0": 20,
      "1": 20,
      "2": 20,
      "3": 14,
      "4": 0,
      "5": 0,
      "6": 0,
      "7": 0,
      "8": 0,
      "9": 0,
      "10": 0,
      "11": 0,
      "12": 0,
      "13": 0,
      "14": 0,
      "15": 0,
      "16": 0,
      "17": 60
    },
    "b": {
      "0": [
        0,
        0
      ],
      "1": [
        0,
        0,
        0
      ],
      "2": [
        0,
        0
      ],
      "3": [
        0,
        0
      ],
      "4": [
        0,
        0
      ],
      "5": [
        0,
        0
      ],
      "6": [
        0,
        60
      ],
      "7": [
        0,
        0,
        0
      ],
      "8": [
        0,
        0
      ]
    },
    "_coverageSchema": "1a1c01bbd47fc00a2c39e90264f33305004495a9",
    "hash": "90314cc2b3d546eb9dbadcf59901115e82b81e7f"
  },
  "D:\\DEV\\MSC2\\T-ESP-900\\fettuccini\\frontend\\src\\app\\components\\information-panel\\game-informations\\action-buttons\\ActionButtons.tsx": {
    "path": "D:\\DEV\\MSC2\\T-ESP-900\\fettuccini\\frontend\\src\\app\\components\\information-panel\\game-informations\\action-buttons\\ActionButtons.tsx",
    "statementMap": {
      "0": {
        "start": {
          "line": 12,
          "column": 56
        },
        "end": {
          "line": 12,
          "column": 74
        }
      },
      "1": {
        "start": {
          "line": 14,
          "column": 2
        },
        "end": {
          "line": 56,
          "column": 4
        }
      },
      "2": {
        "start": {
          "line": 21,
          "column": 12
        },
        "end": {
          "line": 21,
          "column": 69
        }
      },
      "3": {
        "start": {
          "line": 30,
          "column": 12
        },
        "end": {
          "line": 30,
          "column": 70
        }
      },
      "4": {
        "start": {
          "line": 41,
          "column": 12
        },
        "end": {
[...]
        "decl": {
          "start": {
            "line": 16,
            "column": 9
          },
          "end": {
            "line": 16,
            "column": 20
          }
        },
        "loc": {
          "start": {
            "line": 16,
            "column": 46
          },
          "end": {
            "line": 51,
            "column": 1
          }
        },
        "line": 16
      },
      "1": {
        "name": "(anonymous_1)",
        "decl": {
          "start": {
            "line": 20,
            "column": 23
          },
          "end": {
            "line": 20,
            "column": 24
          }
        },
        "loc": {
          "start": {
            "line": 20,
            "column": 39
          },
          "end": {
            "line": 23,
            "column": 3
          }
        },
        "line": 20
      }
    },
    "branchMap": {
      "0": {
        "loc": {
          "start": {
            "line": 26,
            "column": 19
          },
          "end": {
            "line": 26,
            "column": 53
          }
        },
        "type": "cond-expr",
        "locations": [
          {
            "start": {
              "line": 26,
              "column": 33
            },
            "end": {
              "line": 26,
              "column": 44
            }
          },
          {
            "start": {
              "line": 26,
              "column": 47
            },
            "end": {
              "line": 26,
              "column": 53
            }
          }
        ],
        "line": 26
      }
    },
    "s": {
      "0": 27,
      "1": 27,
      "2": 0,
      "3": 0,
      "4": 27,
      "5": 27
    },
    "f": {
      "0": 27,
      "1": 0
    },
    "b": {
      "0": [
        11,
        16
      ]
    },
    "_coverageSchema": "1a1c01bbd47fc00a2c39e90264f33305004495a9",
    "hash": "fd7d75e58276a8faf8dba59771fbc7338c0c187a"
  },
  "D:\\DEV\\MSC2\\T-ESP-900\\fettuccini\\frontend\\cypress\\components\\design-system\\control\\checkbox\\single\\switch-label\\SwitchLabel.cy.tsx": {
    "path": "D:\\DEV\\MSC2\\T-ESP-900\\fettuccini\\frontend\\cypress\\components\\design-system\\control\\checkbox\\single\\switch-label\\SwitchLabel.cy.tsx",
    "statementMap": {
      "0": {
        "start": {
          "line": 4,
          "column": 0
        },
        "end": {
          "line": 40,
          "column": 3
        }
      },
      "1": {
        "start": {
          "line": 5,
          "column": 2
        },
        "end": {
          "line": 18,
          "column": 5
        }
      },
      "2": {
        "start": {
          "line": 6,
          "column": 34
        },
        "end": {
          "line": 6,
          "column": 38
        }
      },
      "3": {
        "start": {
          "line": 7,
          "column": 49
        },
        "end": {
          "line": 7,
          "column": 57
        }
      },
      "4": {
        "start": {
          "line": 9,
          "column": 4
        },
        "end": {
          "line": 14,
          "column": 6
        }
      },
      "5": {
        "start": {
          "line": 16,
          "column": 4
        },
        "end": {
          "line": 16,
          "column": 51
        }
      },
      "6": {
        "start": {
          "line": 17,
          "column": 4
        },
        "end": {
          "line": 17,
          "column": 52
        }
      },
      "7": {
        "start": {
          "line": 20,
          "column": 2
        },
        "end": {
          "line": 39,
          "column": 5
        }
      },
      "8": {
        "start": {
          "line": 21,
          "column": 34
        },
        "end": {
          "line": 21,
          "column": 38
        }
      },
      "9": {
        "start": {
          "line": 22,
          "column": 49
        },
        "end": {
          "line": 22,
          "column": 57
        }
      },
      "10": {
        "start": {
          "line": 23,
          "column": 26
        },
        "end": {
          "line": 23,
          "column": 40
        }
      },
      "11": {
        "start": {
          "line": 24,
          "column": 33
        },
        "end": {
          "line": 24,
          "column": 37
        }
      },
      "12": {
        "start": {
          "line": 25,
          "column": 30
        },
        "end": {
          "line": 25,
          "column": 35
        }
      },
      "13": {
        "start": {
          "line": 27,
          "column": 4
        },
        "end": {
          "line": 35,
          "column": 6
        }
      },
      "14": {
        "start": {
          "line": 37,
          "column": 4
        },
        "end": {
          "line": 37,
          "column": 60
        }
      },
      "15": {
        "start": {
          "line": 38,
          "column": 4
        },
        "end": {
          "line": 38,
          "column": 52
        }
      },
      "16": {
        "start": {
          "line": 42,
          "column": 0
        },
        "end": {
          "line": 59,
          "column": 3
        }
      },
      "17": {
        "start": {
          "line": 43,
          "column": 2
        },
        "end": {
          "line": 53,
          "column": 5
        }
      },
      "18": {
        "start": {
          "line": 44,
          "column": 34
        },
        "end": {
          "line": 44,
          "column": 38
        }
      },
      "19": {
        "start": {
          "line": 45,
          "column": 49
        },
        "end": {
          "line": 45,
          "column": 57
        }
      },
      "20": {
        "start": {
          "line": 47,
          "column": 4
        },
        "end": {
          "line": 52,
          "column": 6
        }
      },
      "21": {
        "start": {
          "line": 55,
          "column": 2
        },
        "end": {
          "line": 58,
          "column": 5
        }
      },
      "22": {
        "start": {
          "line": 56,
          "column": 4
        },
        "end": {
          "line": 56,
          "column": 51
        }
      },
      "23": {
        "start": {
          "line": 57,
          "column": 4
        },
        "end": {
          "line": 57,
          "column": 52
        }
      },
      "24": {
        "start": {
          "line": 61,
          "column": 0
        },
        "end": {
          "line": 76,
          "column": 3
        }
      },
      "25": {
        "start": {
          "line": 62,
          "column": 2
        },
        "end": {
          "line": 75,
          "column": 5
        }
      },
      "26": {
        "start": {
          "line": 63,
          "column": 34
        },
        "end": {
          "line": 63,
          "column": 38
        }
      },
      "27": {
        "start": {
          "line": 64,
          "column": 49
        },
        "end": {
          "line": 64,
          "column": 57
        }
      },
      "28": {
        "start": {
          "line": 66,
          "column": 4
        },
        "end": {
          "line": 71,
          "column": 6
        }
      },
      "29": {
        "start": {
          "line": 73,
          "column": 4
        },
        "end": {
          "line": 73,
          "column": 51
        }
      },
      "30": {
        "start": {
          "line": 74,
          "column": 4
        },
        "end": {
          "line": 74,
          "column": 52
        }
      },
      "31": {
        "start": {
          "line": 78,
          "column": 0
        },
        "end": {
          "line": 99,
          "column": 3
        }
      },
      "32": {
        "start": {
          "line": 79,
          "column": 2
        },
        "end": {
          "line": 98,
          "column": 5
        }
      },
      "33": {
        "start": {
          "line": 80,
          "column": 34
        },
        "end": {
          "line": 80,
          "column": 38
        }
      },
      "34": {
        "start": {
          "line": 81,
          "column": 49
        },
        "end": {
          "line": 81,
          "column": 57
        }
      },
      "35": {
        "start": {
          "line": 82,
          "column": 26
        },
        "end": {
          "line": 82,
          "column": 40
        }
      },
      "36": {
        "start": {
          "line": 83,
          "column": 33
        },
        "end": {
          "line": 83,
          "column": 37
        }
      },
      "37": {
        "start": {
          "line": 84,
          "column": 30
        },
        "end": {
          "line": 84,
          "column": 35
        }
      },
      "38": {
        "start": {
          "line": 86,
          "column": 4
        },
        "end": {
          "line": 94,
          "column": 6
        }
      },
      "39": {
        "start": {
          "line": 96,
          "column": 4
        },
        "end": {
          "line": 96,
          "column": 60
        }
      },
      "40": {
        "start": {
          "line": 97,
          "column": 4
        },
        "end": {
          "line": 97,
          "column": 52
        }
      },
      "41": {
        "start": {
          "line": 101,
          "column": 0
        },
        "end": {
          "line": 123,
          "column": 3
        }
      },
      "42": {
        "start": {
          "line": 102,
          "column": 2
        },
        "end": {
          "line": 122,
          "column": 5
        }
      },
      "43": {
        "start": {
          "line": 103,
          "column": 34
        },
        "end": {
          "line": 103,
          "column": 38
        }
      },
      "44": {
        "start": {
          "line": 104,
          "column": 49
        },
        "end": {
          "line": 104,
          "column": 57
        }
      },
      "45": {
        "start": {
          "line": 105,
          "column": 26
        },
        "end": {
          "line": 105,
          "column": 40
        }
      },
      "46": {
        "start": {
          "line": 106,
          "column": 33
        },
        "end": {
          "line": 106,
          "column": 37
        }
      },
      "47": {
        "start": {
          "line": 108,
          "column": 4
        },
        "end": {
          "line": 115,
          "column": 6
        }
      },
      "48": {
        "start": {
          "line": 117,
          "column": 4
        },
        "end": {
          "line": 121,
          "column": 6
        }
      }
    },
    "fnMap": {
      "0": {
        "name": "(anonymous_0)",
        "decl": {
          "start": {
            "line": 4,
            "column": 45
          },
          "end": {
            "line": 4,
            "column": 46
          }
        },
        "loc": {
          "start": {
            "line": 4,
            "column": 51
          },
          "end": {
            "line": 40,
            "column": 1
          }
        },
        "line": 4
      },
      "1": {
        "name": "(anonymous_1)",
        "decl": {
          "start": {
            "line": 5,
            "column": 55
          },
          "end": {
            "line": 5,
            "column": 56
          }
        },
        "loc": {
          "start": {
            "line": 5,
            "column": 61
          },
          "end": {
            "line": 18,
            "column": 3
          }
        },
        "line": 5
      },
      "2": {
        "name": "(anonymous_2)",
        "decl": {
          "start": {
            "line": 7,
            "column": 49
          },
          "end": {
            "line": 7,
            "column": 50
          }
        },
        "loc": {
          "start": {
            "line": 7,
            "column": 55
          },
          "end": {
            "line": 7,
            "column": 57
          }
        },
        "line": 7
      },
      "3": {
        "name": "(anonymous_3)",
        "decl": {
          "start": {
            "line": 20,
            "column": 55
          },
          "end": {
            "line": 20,
            "column": 56
          }
        },
        "loc": {
          "start": {
            "line": 20,
            "column": 61
          },
          "end": {
            "line": 39,
            "column": 3
          }
        },
        "line": 20
      },
      "4": {
        "name": "(anonymous_4)",
        "decl": {
          "start": {
            "line": 22,
            "column": 49
          },
          "end": {
            "line": 22,
            "column": 50
          }
        },
        "loc": {
          "start": {
            "line": 22,
            "column": 55
          },
          "end": {
            "line": 22,
            "column": 57
          }
        },
        "line": 22
      },
      "5": {
        "name": "(anonymous_5)",
        "decl": {
          "start": {
            "line": 42,
            "column": 40
          },
          "end": {
            "line": 42,
            "column": 41
          }
        },
        "loc": {
          "start": {
            "line": 42,
            "column": 46
          },
          "end": {
            "line": 59,
            "column": 1
          }
        },
        "line": 42
      },
      "6": {
        "name": "(anonymous_6)",
        "decl": {
          "start": {
            "line": 43,
            "column": 13
          },
          "end": {
            "line": 43,
            "column": 14
          }
        },
        "loc": {
          "start": {
            "line": 43,
            "column": 19
          },
          "end": {
            "line": 53,
            "column": 3
          }
        },
        "line": 43
      },
      "7": {
        "name": "(anonymous_7)",
        "decl": {
          "start": {
            "line": 45,
            "column": 49
          },
          "end": {
            "line": 45,
            "column": 50
          }
        },
        "loc": {
          "start": {
            "line": 45,
            "column": 55
          },
          "end": {
            "line": 45,
            "column": 57
          }
        },
        "line": 45
      },
      "8": {
        "name": "(anonymous_8)",
        "decl": {
          "start": {
            "line": 55,
            "column": 48
          },
          "end": {
            "line": 55,
            "column": 49
          }
        },
        "loc": {
          "start": {
            "line": 55,
            "column": 54
          },
          "end": {
            "line": 58,
            "column": 3
          }
        },
        "line": 55
      },
      "9": {
        "name": "(anonymous_9)",
        "decl": {
          "start": {
            "line": 61,
            "column": 51
          },
          "end": {
            "line": 61,
            "column": 52
          }
        },
        "loc": {
          "start": {
            "line": 61,
            "column": 57
          },
          "end": {
            "line": 76,
            "column": 1
          }
        },
        "line": 61
      },
      "10": {
        "name": "(anonymous_10)",
        "decl": {
          "start": {
            "line": 62,
            "column": 42
          },
          "end": {
            "line": 62,
            "column": 43
          }
        },
        "loc": {
          "start": {
            "line": 62,
            "column": 48
          },
          "end": {
            "line": 75,
            "column": 3
          }
        },
        "line": 62
      },
      "11": {
        "name": "(anonymous_11)",
        "decl": {
          "start": {
            "line": 64,
            "column": 49
          },
          "end": {
            "line": 64,
            "column": 50
          }
        },
        "loc": {
          "start": {
            "line": 64,
            "column": 55
          },
          "end": {
            "line": 64,
            "column": 57
          }
        },
        "line": 64
      },
      "12": {
        "name": "(anonymous_12)",
        "decl": {
          "start": {
            "line": 78,
            "column": 51
          },
          "end": {
            "line": 78,
            "column": 52
          }
        },
        "loc": {
          "start": {
            "line": 78,
            "column": 57
          },
          "end": {
            "line": 99,
            "column": 1
          }
        },
        "line": 78
      },
      "13": {
        "name": "(anonymous_13)",
        "decl": {
          "start": {
            "line": 79,
            "column": 42
          },
          "end": {
            "line": 79,
            "column": 43
          }
        },
        "loc": {
          "start": {
            "line": 79,
            "column": 48
          },
          "end": {
            "line": 98,
            "column": 3
          }
        },
        "line": 79
      },
      "14": {
        "name": "(anonymous_14)",
        "decl": {
          "start": {
            "line": 81,
            "column": 49
          },
          "end": {
            "line": 81,
            "column": 50
          }
        },
        "loc": {
          "start": {
            "line": 81,
            "column": 55
          },
          "end": {
            "line": 81,
            "column": 57
          }
        },
        "line": 81
      },
      "15": {
        "name": "(anonymous_15)",
        "decl": {
          "start": {
            "line": 101,
            "column": 44
          },
          "end": {
            "line": 101,
            "column": 45
          }
        },
        "loc": {
          "start": {
            "line": 101,
            "column": 50
          },
          "end": {
            "line": 123,
            "column": 1
          }
        },
        "line": 101
      },
      "16": {
        "name": "(anonymous_16)",
        "decl": {
          "start": {
            "line": 102,
            "column": 46
          },
          "end": {
            "line": 102,
            "column": 47
          }
        },
        "loc": {
          "start": {
            "line": 102,
            "column": 52
          },
          "end": {
            "line": 122,
            "column": 3
          }
        },
        "line": 102
      },
      "17": {
        "name": "(anonymous_17)",
        "decl": {
          "start": {
            "line": 104,
            "column": 49
          },
          "end": {
            "line": 104,
            "column": 50
          }
        },
        "loc": {
          "start": {
            "line": 104,
            "column": 55
          },
          "end": {
            "line": 104,
            "column": 57
          }
        },
        "line": 104
      }
    },
    "branchMap": {},
    "s": {
      "0": 7,
      "1": 7,
      "2": 7,
      "3": 7,
      "4": 7,
      "5": 7,
      "6": 7,
      "7": 7,
      "8": 6,
      "9": 6,
      "10": 6,
      "11": 6,
      "12": 6,
      "13": 6,
      "14": 6,
      "15": 6,
      "16": 7,
      "17": 7,
      "18": 5,
      "19": 5,
      "20": 5,
      "21": 7,
      "22": 5,
      "23": 5,
      "24": 7,
      "25": 7,
      "26": 4,
      "27": 4,
      "28": 4,
      "29": 4,
      "30": 4,
      "31": 7,
      "32": 7,
      "33": 3,
      "34": 3,
      "35": 3,
      "36": 3,
      "37": 3,
      "38": 3,
      "39": 3,
      "40": 3,
      "41": 7,
      "42": 7,
      "43": 2,
      "44": 2,
      "45": 2,
      "46": 2,
      "47": 2,
      "48": 2
    },
    "f": {
      "0": 7,
      "1": 7,
      "2": 0,
      "3": 6,
      "4": 0,
      "5": 7,
      "6": 5,
      "7": 0,
      "8": 5,
      "9": 7,
      "10": 4,
      "11": 0,
      "12": 7,
      "13": 3,
      "14": 0,
      "15": 7,
      "16": 2,
      "17": 0
    },
    "b": {},
    "_coverageSchema": "1a1c01bbd47fc00a2c39e90264f33305004495a9",
    "hash": "ba3f39795fb0361fc9612078953f29c33050c758"
  }
}